<?xml version="1.0" encoding="UTF-8"?>
<!-- Generated by org.testng.reporters.JUnitXMLReporter -->
<testsuite ignored="1" hostname="DESKTOP-QQJINFP" failures="0" tests="1" name="Default test" time="0.131" errors="0" timestamp="2023-06-13T21:31:37 ART">
  <testcase classname="pruebas.Clase9Test" name="alertaNotificacion" time="0.098"/>
  <testcase classname="pruebas.Clase9Test" name="alertaConDemora" time="0.0">
    <ignored/>
  </testcase> <!-- alertaConDemora -->
</testsuite> <!-- Default test -->
