<?xml version="1.0" encoding="UTF-8"?>
<testsuite xmlns:xsi="http://www.w3.org/2001/XMLSchema-instance" xsi:noNamespaceSchemaLocation="https://maven.apache.org/surefire/maven-surefire-plugin/xsd/surefire-test-report.xsd" name="TestSuite" time="179.949" tests="15" errors="0" skipped="0" failures="2">
  <properties>
[...]
</properties>
  <testcase name="testBaseDeDatos" classname="Edit.EducacionIT_64250.AccesoABaseDeDatosTest" time="0.296"/>
  <testcase name="shouldAnswerWithTrue" classname="Edit.EducacionIT_64250.AppTest" time="0.001"/>
  <testcase name="buscarPalabraChrome" classname="Edit.EducacionIT_64250.Clase2Test" time="20.084">
    <failure message="Could not start a new session. Possible causes are invalid address of the remote server or browser start-up failure. &#10;Host info: host: &apos;DESKTOP-QQJINFP&apos;, ip: &apos;192.168.1.5&apos;" type="org.openqa.selenium.SessionNotCreatedException">org.openqa.selenium.SessionNotCreatedException: 
Could not start a new session. Possible causes are invalid address of the remote server or browser start-up failure. 
Host info: host: 'DESKTOP-QQJINFP', ip: '192.168.1.5'
	at Edit.EducacionIT_64250.Clase2Test.buscarPalabraChrome(Clase2Test.java:69)
Caused by: org.openqa.selenium.WebDriverException: 
Timed out waiting for driver process to start.
Build info: version: '4.9.1', revision: 'eb2032df7f'
System info: os.name: 'Windows 11', os.arch: 'amd64', os.version: '10.0', java.version: '18.0.1.1'
Driver info: driver.version: ChromeDriver
	at Edit.EducacionIT_64250.Clase2Test.buscarPalabraChrome(Clase2Test.java:69)
</failure>
  </testcase>
  <testcase name="buscarPalabraFirefox" classname="Edit.EducacionIT_64250.Clase2Test" time="8.447"/>
  <testcase name="registrarUsuario" classname="Edit.EducacionIT_64250.Clase4Test" time="23.44"/>
  <testcase name="irAContactanos" classname="Edit.EducacionIT_64250.Clase5Test" time="13.266"/>
  <testcase name="buscarPalabra" classname="Edit.EducacionIT_64250.Clase5Test" time="0.078">
    <failure message="Unable to locate element: #search_query_top&#10;For documentation on this error, please visit: https://selenium.dev/exceptions/#no_such_element&#10;Build info: version: &apos;4.9.1&apos;, revision: &apos;eb2032df7f&apos;&#10;System info: os.name: &apos;Windows 11&apos;, os.arch: &apos;amd64&apos;, os.version: &apos;10.0&apos;, java.version: &apos;18.0.1.1&apos;&#10;Driver info: org.openqa.selenium.firefox.FirefoxDriver&#10;Command: [0b8762be-0472-483c-85ca-8bbcd08c39c6, findElement {using=id, value=search_query_top}]&#10;Capabilities {acceptInsecureCerts: true, browserName: firefox, browserVersion: 113.0, moz:accessibilityChecks: false, moz:buildID: 20230504192738, moz:debuggerAddress: 127.0.0.1:10013, moz:geckodriverVersion: 0.33.0, moz:headless: false, moz:platformVersion: 10.0, moz:processID: 4708, moz:profile: C:\Users\Lenovo\AppData\Loc..., moz:shutdownTimeout: 60000, moz:useNonSpecCompliantPointerOrigin: false, moz:webdriverClick: true, moz:windowless: false, pageLoadStrategy: normal, platformName: windows, proxy: Proxy(), se:cdp: ws://127.0.0.1:10013/devtoo..., se:cdpVersion: 85.0, setWindowRect: true, strictFileInteractability: false, timeouts: {implicit: 0, pageLoad: 300000, script: 30000}, unhandledPromptBehavior: dismiss and notify}&#10;Session ID: 0b8762be-0472-483c-85ca-8bbcd08c39c6" type="org.openqa.selenium.NoSuchElementException">org.openqa.selenium.NoSuchElementException: 
Unable to locate element: #search_query_top
For documentation on this error, please visit: https://selenium.dev/exceptions/#no_such_element
Build info: version: '4.9.1', revision: 'eb2032df7f'
System info: os.name: 'Windows 11', os.arch: 'amd64', os.version: '10.0', java.version: '18.0.1.1'
Driver info: org.openqa.selenium.firefox.FirefoxDriver
Command: [0b8762be-0472-483c-85ca-8bbcd08c39c6, findElement {using=id, value=search_query_top}]
Capabilities {acceptInsecureCerts: true, browserName: firefox, browserVersion: 113.0, moz:accessibilityChecks: false, moz:buildID: 20230504192738, moz:debuggerAddress: 127.0.0.1:10013, moz:geckodriverVersion: 0.33.0, moz:headless: false, moz:platformVersion: 10.0, moz:processID: 4708, moz:profile: C:\Users\Lenovo\AppData\Loc..., moz:shutdownTimeout: 60000, moz:useNonSpecCompliantPointerOrigin: false, moz:webdriverClick: true, moz:windowless: false, pageLoadStrategy: normal, platformName: windows, proxy: Proxy(), se:cdp: ws://127.0.0.1:10013/devtoo..., se:cdpVersion: 85.0, setWindowRect: true, strictFileInteractability: false, timeouts: {implicit: 0, pageLoad: 300000, script: 30000}, unhandledPromptBehavior: dismiss and notify}
Session ID: 0b8762be-0472-483c-85ca-8bbcd08c39c6
	at Edit.EducacionIT_64250.Clase5Test.buscarPalabra(Clase5Test.java:44)
</failure>
  </testcase>
  <testcase name="testMobileEmulation" classname="Edit.EducacionIT_64250.MobileEmulationTest" time="13.646"/>
  <testcase name="scrollScreenshotTest" classname="Edit.EducacionIT_64250.ScrollScreenshotTest" time="54.881"/>
  <testcase name="login" classname="pruebas.Clase7Test" time="3.472"/>
  <testcase name="login" classname="pruebas.Clase8Test" time="6.12"/>
  <testcase name="login" classname="pruebas.Clase8Test" time="3.105"/>
  <testcase name="login" classname="pruebas.Clase8Test" time="1.701"/>
  <testcase name="login" classname="pruebas.Clase8Test" time="1.582"/>
  <testcase name="login" classname="pruebas.Clase8Test" time="1.822"/>
</testsuite>