<?xml version="1.0" encoding="UTF-8"?>
<testng-results ignored="1" total="2" passed="1" failed="0" skipped="0">
  <reporter-output>
  </reporter-output>
  <suite started-at="2023-06-13T21:31:37 ART" name="Default suite" finished-at="2023-06-13T21:31:37 ART" duration-ms="131">
    <groups>
    </groups>
    <test started-at="2023-06-13T21:31:37 ART" name="Default test" finished-at="2023-06-13T21:31:37 ART" duration-ms="131">
      <class name="pruebas.Clase9Test">
        <test-method is-config="true" signature="abrirNavegador()[pri:0, instance:pruebas.Clase9Test@69e153c5]" started-at="2023-06-13T21:31:28 ART" name="abrirNavegador" finished-at="2023-06-13T21:31:37 ART" duration-ms="8843" status="PASS">
          <reporter-output>
          </reporter-output>
        </test-method> <!-- abrirNavegador -->
        <test-method signature="alertaNotificacion()[pri:0, instance:pruebas.Clase9Test@69e153c5]" started-at="2023-06-13T21:31:37 ART" name="alertaNotificacion" finished-at="2023-06-13T21:31:37 ART" duration-ms="98" status="PASS">
          <reporter-output>
          </reporter-output>
        </test-method> <!-- alertaNotificacion -->
      </class> <!-- pruebas.Clase9Test -->
    </test> <!-- Default test -->
  </suite> <!-- Default suite -->
</testng-results>
